Build started 2015-10-05 1:38:08 AM.
     1>Project "C:\Users\Ahsan\Dropbox\Education\C++\NearestPoints\NearestPoints\NearestPoints.vcxproj" on node 2 (Build target(s)).
     1>ClCompile:
         C:\Program Files (x86)\Microsoft Visual Studio 14.0\VC\bin\x86_amd64\CL.exe /c /Zi /nologo /W3 /WX- /sdl /O2 /Oi /GL /D NDEBUG /D _CONSOLE /D _UNICODE /D UNICODE /Gm- /EHsc /MD /GS /Gy /fp:precise /Zc:wchar_t /Zc:forScope /Zc:inline /Yu"stdafx.h" /Fp"x64\Release\NearestPoints.pch" /Fo"x64\Release\\" /Fd"x64\Release\vc140.pdb" /Gd /TP /errorReport:prompt NearestPoints.cpp main.cpp
         NearestPoints.cpp
         main.cpp
       Link:
         C:\Program Files (x86)\Microsoft Visual Studio 14.0\VC\bin\x86_amd64\link.exe /ERRORREPORT:PROMPT /OUT:"C:\Users\Ahsan\Dropbox\Education\C++\NearestPoints\x64\Release\NearestPoints.exe" /INCREMENTAL:NO /NOLOGO kernel32.lib user32.lib gdi32.lib winspool.lib comdlg32.lib advapi32.lib shell32.lib ole32.lib oleaut32.lib uuid.lib odbc32.lib odbccp32.lib /MANIFEST /MANIFESTUAC:"level='asInvoker' uiAccess='false'" /manifest:embed /Debug /PDB:"C:\Users\Ahsan\Dropbox\Education\C++\NearestPoints\x64\Release\NearestPoints.pdb" /SUBSYSTEM:CONSOLE /OPT:REF /OPT:ICF /LTCG:incremental /TLBID:1 /DYNAMICBASE /NXCOMPAT /IMPLIB:"C:\Users\Ahsan\Dropbox\Education\C++\NearestPoints\x64\Release\NearestPoints.lib" /MACHINE:X64 x64\Release\main.obj
         x64\Release\NearestPoints.obj
         x64\Release\Coordinate.obj
         x64\Release\stdafx.obj
         Generating code
         15 of 783 functions ( 1.9%) were compiled, the rest were copied from previous compilation.
           0 functions were new in current compilation
           3 functions had inline decision re-evaluated but remain unchanged
         Finished generating code
         NearestPoints.vcxproj -> C:\Users\Ahsan\Dropbox\Education\C++\NearestPoints\x64\Release\NearestPoints.exe
     1>Done Building Project "C:\Users\Ahsan\Dropbox\Education\C++\NearestPoints\NearestPoints\NearestPoints.vcxproj" (Build target(s)).

Build succeeded.

Time Elapsed 00:00:01.07
